<?xml version="1.0" encoding="UTF-8"?>
<!-- Generated by org.testng.reporters.JUnitReportReporter -->
<testsuite hostname="dave-mac.adastracorp.net" failures="0" tests="1" name="DaveAutoTest.Appium3.iOSBasics" time="4.044" errors="0" timestamp="2023-06-01T13:33:39 SELÄŒ" skipped="0">
  <testcase classname="DaveAutoTest.Appium3.iOSBasics" name="iOSBasicsTest" time="4.044"/>
  <system-out/>
</testsuite> <!-- DaveAutoTest.Appium3.iOSBasics -->
