<?xml version="1.0" encoding="UTF-8"?>
<!-- Generated by org.testng.reporters.JUnitReportReporter -->
<testsuite hostname="Dave-MAC.local" failures="0" tests="1" name="DaveAutoTest.Appium3.iOSScroll" time="4.760" errors="0" timestamp="2023-05-26T14:19:03 SELÄŒ" skipped="0">
  <testcase classname="DaveAutoTest.Appium3.iOSScroll" name="iOSScrollTestDemo" time="4.760"/>
  <system-out/>
</testsuite> <!-- DaveAutoTest.Appium3.iOSScroll -->
