<?xml version="1.0" encoding="UTF-8"?>
<!-- Generated by org.testng.reporters.JUnitReportReporter -->
<testsuite hostname="Dave-MAC.local" failures="0" tests="1" name="DaveAutoTest.Appium3.SwipeDemo" time="8.244" errors="0" timestamp="2023-05-05T12:46:33 SELÄŒ" skipped="0">
  <testcase classname="DaveAutoTest.Appium3.SwipeDemo" name="SwipeDemoTest" time="8.244"/>
  <system-out/>
</testsuite> <!-- DaveAutoTest.Appium3.SwipeDemo -->
