<?xml version="1.0" encoding="UTF-8"?>
<!-- Generated by org.testng.reporters.JUnitReportReporter -->
<testsuite hostname="Dave-MAC.local" failures="0" tests="1" name="DaveAutoTest.Appium3.iOSSwipeTest" time="5.598" errors="0" timestamp="2023-05-26T14:15:03 SELÄŒ" skipped="0">
  <testcase classname="DaveAutoTest.Appium3.iOSSwipeTest" name="iOSSwipeTestDemo" time="5.598"/>
  <system-out/>
</testsuite> <!-- DaveAutoTest.Appium3.iOSSwipeTest -->
