<?xml version="1.0" encoding="UTF-8"?>
<!-- Generated by org.testng.reporters.JUnitReportReporter -->
<testsuite hostname="dave-mac.adastracorp.net" failures="0" tests="1" name="DaveAutoTest.Appium3.AlertsDemo2" time="25.400" errors="0" timestamp="2023-05-09T13:03:12 SELÄŒ" skipped="0">
  <testcase classname="DaveAutoTest.Appium3.AlertsDemo2" name="AlertsDemo2" time="25.400"/>
  <system-out/>
</testsuite> <!-- DaveAutoTest.Appium3.AlertsDemo2 -->
