<?xml version="1.0" encoding="UTF-8"?>
<!-- Generated by org.testng.reporters.JUnitReportReporter -->
<testsuite hostname="dave-mac.adastracorp.net" failures="0" tests="1" name="DaveAutoTest.Appium3.eCommerce_tc_3" time="23.209" errors="0" timestamp="2023-05-23T15:34:35 SELÄŒ" skipped="0">
  <testcase classname="DaveAutoTest.Appium3.eCommerce_tc_3" name="FillForm" time="23.209"/>
  <system-out/>
</testsuite> <!-- DaveAutoTest.Appium3.eCommerce_tc_3 -->
