<?xml version="1.0" encoding="UTF-8"?>
<!-- Generated by org.testng.reporters.JUnitReportReporter -->
<testsuite hostname="dave-mac.adastracorp.net" failures="0" tests="1" name="DaveAutoTest.Appium3.MiscellanousAppiumActions" time="9.650" errors="0" timestamp="2023-05-09T14:47:02 SELÄŒ" skipped="0">
  <testcase classname="DaveAutoTest.Appium3.MiscellanousAppiumActions" name="Miscellanous" time="9.650"/>
  <system-out/>
</testsuite> <!-- DaveAutoTest.Appium3.MiscellanousAppiumActions -->
