<?xml version="1.0" encoding="UTF-8"?>
<!-- Generated by org.testng.reporters.JUnitReportReporter -->
<testsuite hostname="dave-mac.adastracorp.net" failures="0" tests="1" name="DaveAutoTest.Appium3.DraDropDemo" time="5.939" errors="0" timestamp="2023-05-09T10:37:37 SELÄŒ" skipped="0">
  <testcase classname="DaveAutoTest.Appium3.DraDropDemo" name="DragDropTest" time="5.939"/>
  <system-out/>
</testsuite> <!-- DaveAutoTest.Appium3.DraDropDemo -->
