<?xml version="1.0" encoding="UTF-8"?>
<!-- Generated by org.testng.reporters.JUnitReportReporter -->
<testsuite hostname="dave-mac.adastracorp.net" failures="0" tests="1" name="DaveAutoTest.Appium3.AlertsDemo" time="11.947" errors="0" timestamp="2023-05-09T11:25:49 SELÄŒ" skipped="0">
  <testcase classname="DaveAutoTest.Appium3.AlertsDemo" name="DragDropTest" time="11.947"/>
  <system-out/>
</testsuite> <!-- DaveAutoTest.Appium3.AlertsDemo -->
