<?xml version="1.0" encoding="UTF-8"?>
<!-- Generated by org.testng.reporters.JUnitReportReporter -->
<testsuite hostname="dave-mac.adastracorp.net" failures="0" tests="1" name="DaveAutoTest.Appium3.MobileBrowserTest" time="1.875" errors="0" timestamp="2023-05-24T11:21:30 SELÄŒ" skipped="0">
  <testcase classname="DaveAutoTest.Appium3.MobileBrowserTest" name="browserTest" time="1.875"/>
  <system-out/>
</testsuite> <!-- DaveAutoTest.Appium3.MobileBrowserTest -->
