<?xml version="1.0" encoding="UTF-8"?>
<!-- Generated by org.testng.reporters.JUnitReportReporter -->
<testsuite hostname="dave-mac.adastracorp.net" failures="0" tests="1" name="DaveAutoTest.Appium3.eCommerce_tc_2" time="24.624" errors="0" timestamp="2023-05-23T13:17:07 SELÄŒ" skipped="0">
  <testcase classname="DaveAutoTest.Appium3.eCommerce_tc_2" name="FillForm" time="24.624"/>
  <system-out/>
</testsuite> <!-- DaveAutoTest.Appium3.eCommerce_tc_2 -->
