<?xml version="1.0" encoding="UTF-8"?>
<!-- Generated by org.testng.reporters.JUnitReportReporter -->
<testsuite hostname="dave-mac.adastracorp.net" failures="0" tests="1" name="DaveAutoTest.Appium3.iOSLongPress" time="19.216" errors="0" timestamp="2023-05-24T15:44:48 SELÄŒ" skipped="0">
  <testcase classname="DaveAutoTest.Appium3.iOSLongPress" name="iOSLongPressTest" time="19.216"/>
  <system-out/>
</testsuite> <!-- DaveAutoTest.Appium3.iOSLongPress -->
