<?xml version="1.0" encoding="UTF-8"?>
<!-- Generated by org.testng.reporters.JUnitReportReporter -->
<testsuite hostname="dave-mac.adastracorp.net" failures="0" tests="1" name="DaveAutoTest.Appium3.AppiumBasics" time="4.806" errors="0" timestamp="2023-06-15T12:14:39 SELÄŒ" skipped="0">
  <testcase classname="DaveAutoTest.Appium3.AppiumBasics" name="WifiSettingsName" time="4.806"/>
</testsuite> <!-- DaveAutoTest.Appium3.AppiumBasics -->
